   0  $accept : %entry% $end

   1  main : expression SEMI
   2       | dec SEMI

   3  dec : atomic_dec
   4      | dec atomic_dec

   5  atomic_dec : VAL simp_bind
   6             | VAL REC IDENT rec_var_param_bind
   7             | FUN IDENT rec_var_param_bind
   8             | LOCAL dec IN dec END

   9  rec_var_param_bind : IDENT EQUALS expression
  10                     | IDENT rec_var_param_bind

  11  simp_bind : IDENT EQUALS expression
  12            | UNDERSCORE EQUALS expression

  13  expression : or_else_exp
  14             | app_exp

  15  expression_seq : expression
  16                 | expression SEMI expression_seq

  17  or_else_exp : or_else_no_ifr_exp ORELSE and_also_exp
  18              | and_also_exp

  19  or_else_no_ifr_exp : or_else_no_ifr_exp ORELSE and_also_no_ifr_exp
  20                     | and_also_no_ifr_exp

  21  and_also_exp : and_also_no_ifr_exp ANDALSO comp_exp
  22               | comp_exp

  23  and_also_no_ifr_exp : and_also_no_ifr_exp ANDALSO comp_no_ifr_exp
  24                      | comp_no_ifr_exp

  25  comp_exp : comp_no_ifr_exp comp_op cons_exp
  26           | cons_exp

  27  comp_no_ifr_exp : comp_no_ifr_exp comp_op cons_no_ifr_exp
  28                  | cons_no_ifr_exp

  29  cons_exp : add_sub_no_ifr_exp DCOLON cons_exp
  30           | add_sub_exp

  31  cons_no_ifr_exp : cons_no_ifr_exp DCOLON add_sub_no_ifr_exp
  32                  | add_sub_no_ifr_exp

  33  add_sub_exp : add_sub_no_ifr_exp add_sub_op mult_div_exp
  34              | mult_div_exp

  35  add_sub_no_ifr_exp : add_sub_no_ifr_exp add_sub_op mult_div_no_ifr_exp
  36                     | mult_div_no_ifr_exp

  37  mult_div_exp : mult_div_no_ifr_exp div_mult_op non_op_exp
  38               | non_op_exp

  39  mult_div_no_ifr_exp : mult_div_no_ifr_exp div_mult_op app_no_ifr_exp
  40                      | app_no_ifr_exp

  41  non_op_exp : if_fn_raise_exp
  42             | app_exp

  43  app_exp : atomic_mon_exp
  44          | mon_op app_exp
  45          | app_no_ifr_mo_exp non_app_exp

  46  app_no_ifr_mo_exp : atomic_exp
  47                    | app_no_ifr_mo_exp atomic_mon_exp

  48  app_no_ifr_exp : atomic_mon_exp
  49                 | mon_op app_no_ifr_exp
  50                 | app_no_ifr_mo_exp atomic_mon_exp

  51  non_app_exp : atomic_mon_exp
  52              | if_fn_raise_exp

  53  if_fn_raise_exp : IF expression THEN expression ELSE or_else_exp
  54                  | FN IDENT ARROW or_else_exp
  55                  | RAISE or_else_exp

  56  app_exp_mon_exp : atomic_exp
  57                  | mon_op_exp

  58  atomic_mon_exp : atomic_exp
  59                 | mon_op_exp

  60  atomic_exp : const_exp
  61             | OP bin_op
  62             | paren_exp
  63             | list_exp
  64             | IDENT
  65             | LET dec IN expression END

  66  const_exp : INT
  67            | BOOL
  68            | REAL
  69            | STRING
  70            | LBRAC RBRAC
  71            | NIL
  72            | UNIT
  73            | LPAREN RPAREN

  74  bin_op : comp_op
  75         | add_sub_op
  76         | div_mult_op
  77         | DCOLON
  78         | COMMA

  79  bin_op_exp : bin_op

  80  add_sub_op : PLUS
  81             | DPLUS
  82             | MINUS
  83             | DMINUS
  84             | CARAT

  85  div_mult_op : DIV
  86              | DDIV
  87              | TIMES
  88              | DTIMES

  89  mon_op_exp : NEG
  90             | HD
  91             | TL
  92             | FST
  93             | SND

  94  mon_op : NEG
  95         | HD
  96         | TL
  97         | FST
  98         | SND

  99  comp_op : GT
 100          | EQUALS
 101          | desug_comp_op

 102  desug_comp_op : LT
 103                | LEQ
 104                | GEQ
 105                | NEQ

 106  list_exp : LBRAC list_inner_exp RBRAC

 107  list_inner_exp : expression
 108                 | expression COMMA list_inner_exp

 109  paren_exp : LPAREN expression RPAREN
 110            | LPAREN expression SEMI expression_seq RPAREN
 111            | LPAREN expression COMMA pair_exp RPAREN

 112  pair_exp : expression
 113           | expression COMMA pair_exp RPAREN

 114  pat : INT
 115      | UNDERSCORE

 116  %entry% : '\001' main

state 0
	$accept : . %entry% $end  (0)

	'\001'  shift 1
	.  error

	%entry%  goto 2


state 1
	%entry% : '\001' . main  (116)

	INT  shift 3
	REAL  shift 4
	BOOL  shift 5
	STRING  shift 6
	IDENT  shift 7
	NEG  shift 8
	NIL  shift 9
	LET  shift 10
	LOCAL  shift 11
	VAL  shift 12
	IF  shift 13
	FUN  shift 14
	FN  shift 15
	OP  shift 16
	RAISE  shift 17
	HD  shift 18
	TL  shift 19
	FST  shift 20
	SND  shift 21
	LBRAC  shift 22
	LPAREN  shift 23
	UNIT  shift 24
	.  error

	main  goto 25
	expression  goto 26
	dec  goto 27
	atomic_dec  goto 28
	or_else_exp  goto 29
	app_exp  goto 30
	or_else_no_ifr_exp  goto 31
	and_also_exp  goto 32
	and_also_no_ifr_exp  goto 33
	comp_exp  goto 34
	comp_no_ifr_exp  goto 35
	cons_exp  goto 36
	cons_no_ifr_exp  goto 37
	add_sub_no_ifr_exp  goto 38
	add_sub_exp  goto 39
	mult_div_exp  goto 40
	mult_div_no_ifr_exp  goto 41
	non_op_exp  goto 42
	app_no_ifr_exp  goto 43
	if_fn_raise_exp  goto 44
	atomic_mon_exp  goto 45
	mon_op  goto 46
	app_no_ifr_mo_exp  goto 47
	atomic_exp  goto 48
	mon_op_exp  goto 49
	const_exp  goto 50
	paren_exp  goto 51
	list_exp  goto 52


state 2
	$accept : %entry% . $end  (0)

	$end  accept


state 3
	const_exp : INT .  (66)

	.  reduce 66


state 4
	const_exp : REAL .  (68)

	.  reduce 68


state 5
	const_exp : BOOL .  (67)

	.  reduce 67


state 6
	const_exp : STRING .  (69)

	.  reduce 69


state 7
	atomic_exp : IDENT .  (64)

	.  reduce 64


state 8
	mon_op_exp : NEG .  (89)
	mon_op : NEG .  (94)

	INT  reduce 94
	REAL  reduce 94
	BOOL  reduce 94
	STRING  reduce 94
	IDENT  reduce 94
	NEG  reduce 94
	PLUS  reduce 89
	MINUS  reduce 89
	TIMES  reduce 89
	DIV  reduce 89
	DPLUS  reduce 89
	DMINUS  reduce 89
	DTIMES  reduce 89
	DDIV  reduce 89
	CARAT  reduce 89
	LT  reduce 89
	GT  reduce 89
	LEQ  reduce 89
	GEQ  reduce 89
	EQUALS  reduce 89
	NEQ  reduce 89
	SEMI  reduce 89
	DCOLON  reduce 89
	NIL  reduce 94
	LET  reduce 94
	LOCAL  reduce 89
	VAL  reduce 89
	END  reduce 89
	IN  reduce 89
	THEN  reduce 89
	ELSE  reduce 89
	FUN  reduce 89
	OP  reduce 94
	ANDALSO  reduce 89
	ORELSE  reduce 89
	HD  reduce 94
	TL  reduce 94
	FST  reduce 94
	SND  reduce 94
	LBRAC  reduce 94
	RBRAC  reduce 89
	LPAREN  reduce 94
	RPAREN  reduce 89
	COMMA  reduce 89
	UNIT  reduce 94


state 9
	const_exp : NIL .  (71)

	.  reduce 71


state 10
	atomic_exp : LET . dec IN expression END  (65)

	LOCAL  shift 11
	VAL  shift 12
	FUN  shift 14
	.  error

	dec  goto 53
	atomic_dec  goto 28


state 11
	atomic_dec : LOCAL . dec IN dec END  (8)

	LOCAL  shift 11
	VAL  shift 12
	FUN  shift 14
	.  error

	dec  goto 54
	atomic_dec  goto 28


state 12
	atomic_dec : VAL . simp_bind  (5)
	atomic_dec : VAL . REC IDENT rec_var_param_bind  (6)

	IDENT  shift 55
	REC  shift 56
	UNDERSCORE  shift 57
	.  error

	simp_bind  goto 58


state 13
	if_fn_raise_exp : IF . expression THEN expression ELSE or_else_exp  (53)

	INT  shift 3
	REAL  shift 4
	BOOL  shift 5
	STRING  shift 6
	IDENT  shift 7
	NEG  shift 8
	NIL  shift 9
	LET  shift 10
	IF  shift 13
	FN  shift 15
	OP  shift 16
	RAISE  shift 17
	HD  shift 18
	TL  shift 19
	FST  shift 20
	SND  shift 21
	LBRAC  shift 22
	LPAREN  shift 23
	UNIT  shift 24
	.  error

	expression  goto 59
	or_else_exp  goto 29
	app_exp  goto 30
	or_else_no_ifr_exp  goto 31
	and_also_exp  goto 32
	and_also_no_ifr_exp  goto 33
	comp_exp  goto 34
	comp_no_ifr_exp  goto 35
	cons_exp  goto 36
	cons_no_ifr_exp  goto 37
	add_sub_no_ifr_exp  goto 38
	add_sub_exp  goto 39
	mult_div_exp  goto 40
	mult_div_no_ifr_exp  goto 41
	non_op_exp  goto 42
	app_no_ifr_exp  goto 43
	if_fn_raise_exp  goto 44
	atomic_mon_exp  goto 45
	mon_op  goto 46
	app_no_ifr_mo_exp  goto 47
	atomic_exp  goto 48
	mon_op_exp  goto 49
	const_exp  goto 50
	paren_exp  goto 51
	list_exp  goto 52


state 14
	atomic_dec : FUN . IDENT rec_var_param_bind  (7)

	IDENT  shift 60
	.  error


state 15
	if_fn_raise_exp : FN . IDENT ARROW or_else_exp  (54)

	IDENT  shift 61
	.  error


state 16
	atomic_exp : OP . bin_op  (61)

	PLUS  shift 62
	MINUS  shift 63
	TIMES  shift 64
	DIV  shift 65
	DPLUS  shift 66
	DMINUS  shift 67
	DTIMES  shift 68
	DDIV  shift 69
	CARAT  shift 70
	LT  shift 71
	GT  shift 72
	LEQ  shift 73
	GEQ  shift 74
	EQUALS  shift 75
	NEQ  shift 76
	DCOLON  shift 77
	COMMA  shift 78
	.  error

	comp_op  goto 79
	add_sub_op  goto 80
	div_mult_op  goto 81
	bin_op  goto 82
	desug_comp_op  goto 83


state 17
	if_fn_raise_exp : RAISE . or_else_exp  (55)

	INT  shift 3
	REAL  shift 4
	BOOL  shift 5
	STRING  shift 6
	IDENT  shift 7
	NEG  shift 8
	NIL  shift 9
	LET  shift 10
	IF  shift 13
	FN  shift 15
	OP  shift 16
	RAISE  shift 17
	HD  shift 18
	TL  shift 19
	FST  shift 20
	SND  shift 21
	LBRAC  shift 22
	LPAREN  shift 23
	UNIT  shift 24
	.  error

	or_else_exp  goto 84
	app_exp  goto 85
	or_else_no_ifr_exp  goto 31
	and_also_exp  goto 32
	and_also_no_ifr_exp  goto 33
	comp_exp  goto 34
	comp_no_ifr_exp  goto 35
	cons_exp  goto 36
	cons_no_ifr_exp  goto 37
	add_sub_no_ifr_exp  goto 38
	add_sub_exp  goto 39
	mult_div_exp  goto 40
	mult_div_no_ifr_exp  goto 41
	non_op_exp  goto 42
	app_no_ifr_exp  goto 43
	if_fn_raise_exp  goto 44
	atomic_mon_exp  goto 45
	mon_op  goto 46
	app_no_ifr_mo_exp  goto 47
	atomic_exp  goto 48
	mon_op_exp  goto 49
	const_exp  goto 50
	paren_exp  goto 51
	list_exp  goto 52


state 18
	mon_op_exp : HD .  (90)
	mon_op : HD .  (95)

	INT  reduce 95
	REAL  reduce 95
	BOOL  reduce 95
	STRING  reduce 95
	IDENT  reduce 95
	NEG  reduce 95
	PLUS  reduce 90
	MINUS  reduce 90
	TIMES  reduce 90
	DIV  reduce 90
	DPLUS  reduce 90
	DMINUS  reduce 90
	DTIMES  reduce 90
	DDIV  reduce 90
	CARAT  reduce 90
	LT  reduce 90
	GT  reduce 90
	LEQ  reduce 90
	GEQ  reduce 90
	EQUALS  reduce 90
	NEQ  reduce 90
	SEMI  reduce 90
	DCOLON  reduce 90
	NIL  reduce 95
	LET  reduce 95
	LOCAL  reduce 90
	VAL  reduce 90
	END  reduce 90
	IN  reduce 90
	THEN  reduce 90
	ELSE  reduce 90
	FUN  reduce 90
	OP  reduce 95
	ANDALSO  reduce 90
	ORELSE  reduce 90
	HD  reduce 95
	TL  reduce 95
	FST  reduce 95
	SND  reduce 95
	LBRAC  reduce 95
	RBRAC  reduce 90
	LPAREN  reduce 95
	RPAREN  reduce 90
	COMMA  reduce 90
	UNIT  reduce 95


state 19
	mon_op_exp : TL .  (91)
	mon_op : TL .  (96)

	INT  reduce 96
	REAL  reduce 96
	BOOL  reduce 96
	STRING  reduce 96
	IDENT  reduce 96
	NEG  reduce 96
	PLUS  reduce 91
	MINUS  reduce 91
	TIMES  reduce 91
	DIV  reduce 91
	DPLUS  reduce 91
	DMINUS  reduce 91
	DTIMES  reduce 91
	DDIV  reduce 91
	CARAT  reduce 91
	LT  reduce 91
	GT  reduce 91
	LEQ  reduce 91
	GEQ  reduce 91
	EQUALS  reduce 91
	NEQ  reduce 91
	SEMI  reduce 91
	DCOLON  reduce 91
	NIL  reduce 96
	LET  reduce 96
	LOCAL  reduce 91
	VAL  reduce 91
	END  reduce 91
	IN  reduce 91
	THEN  reduce 91
	ELSE  reduce 91
	FUN  reduce 91
	OP  reduce 96
	ANDALSO  reduce 91
	ORELSE  reduce 91
	HD  reduce 96
	TL  reduce 96
	FST  reduce 96
	SND  reduce 96
	LBRAC  reduce 96
	RBRAC  reduce 91
	LPAREN  reduce 96
	RPAREN  reduce 91
	COMMA  reduce 91
	UNIT  reduce 96


state 20
	mon_op_exp : FST .  (92)
	mon_op : FST .  (97)

	INT  reduce 97
	REAL  reduce 97
	BOOL  reduce 97
	STRING  reduce 97
	IDENT  reduce 97
	NEG  reduce 97
	PLUS  reduce 92
	MINUS  reduce 92
	TIMES  reduce 92
	DIV  reduce 92
	DPLUS  reduce 92
	DMINUS  reduce 92
	DTIMES  reduce 92
	DDIV  reduce 92
	CARAT  reduce 92
	LT  reduce 92
	GT  reduce 92
	LEQ  reduce 92
	GEQ  reduce 92
	EQUALS  reduce 92
	NEQ  reduce 92
	SEMI  reduce 92
	DCOLON  reduce 92
	NIL  reduce 97
	LET  reduce 97
	LOCAL  reduce 92
	VAL  reduce 92
	END  reduce 92
	IN  reduce 92
	THEN  reduce 92
	ELSE  reduce 92
	FUN  reduce 92
	OP  reduce 97
	ANDALSO  reduce 92
	ORELSE  reduce 92
	HD  reduce 97
	TL  reduce 97
	FST  reduce 97
	SND  reduce 97
	LBRAC  reduce 97
	RBRAC  reduce 92
	LPAREN  reduce 97
	RPAREN  reduce 92
	COMMA  reduce 92
	UNIT  reduce 97


state 21
	mon_op_exp : SND .  (93)
	mon_op : SND .  (98)

	INT  reduce 98
	REAL  reduce 98
	BOOL  reduce 98
	STRING  reduce 98
	IDENT  reduce 98
	NEG  reduce 98
	PLUS  reduce 93
	MINUS  reduce 93
	TIMES  reduce 93
	DIV  reduce 93
	DPLUS  reduce 93
	DMINUS  reduce 93
	DTIMES  reduce 93
	DDIV  reduce 93
	CARAT  reduce 93
	LT  reduce 93
	GT  reduce 93
	LEQ  reduce 93
	GEQ  reduce 93
	EQUALS  reduce 93
	NEQ  reduce 93
	SEMI  reduce 93
	DCOLON  reduce 93
	NIL  reduce 98
	LET  reduce 98
	LOCAL  reduce 93
	VAL  reduce 93
	END  reduce 93
	IN  reduce 93
	THEN  reduce 93
	ELSE  reduce 93
	FUN  reduce 93
	OP  reduce 98
	ANDALSO  reduce 93
	ORELSE  reduce 93
	HD  reduce 98
	TL  reduce 98
	FST  reduce 98
	SND  reduce 98
	LBRAC  reduce 98
	RBRAC  reduce 93
	LPAREN  reduce 98
	RPAREN  reduce 93
	COMMA  reduce 93
	UNIT  reduce 98


state 22
	const_exp : LBRAC . RBRAC  (70)
	list_exp : LBRAC . list_inner_exp RBRAC  (106)

	INT  shift 3
	REAL  shift 4
	BOOL  shift 5
	STRING  shift 6
	IDENT  shift 7
	NEG  shift 8
	NIL  shift 9
	LET  shift 10
	IF  shift 13
	FN  shift 15
	OP  shift 16
	RAISE  shift 17
	HD  shift 18
	TL  shift 19
	FST  shift 20
	SND  shift 21
	LBRAC  shift 22
	RBRAC  shift 86
	LPAREN  shift 23
	UNIT  shift 24
	.  error

	expression  goto 87
	or_else_exp  goto 29
	app_exp  goto 30
	or_else_no_ifr_exp  goto 31
	and_also_exp  goto 32
	and_also_no_ifr_exp  goto 33
	comp_exp  goto 34
	comp_no_ifr_exp  goto 35
	cons_exp  goto 36
	cons_no_ifr_exp  goto 37
	add_sub_no_ifr_exp  goto 38
	add_sub_exp  goto 39
	mult_div_exp  goto 40
	mult_div_no_ifr_exp  goto 41
	non_op_exp  goto 42
	app_no_ifr_exp  goto 43
	if_fn_raise_exp  goto 44
	atomic_mon_exp  goto 45
	mon_op  goto 46
	app_no_ifr_mo_exp  goto 47
	atomic_exp  goto 48
	mon_op_exp  goto 49
	const_exp  goto 50
	paren_exp  goto 51
	list_exp  goto 52
	list_inner_exp  goto 88


state 23
	const_exp : LPAREN . RPAREN  (73)
	paren_exp : LPAREN . expression RPAREN  (109)
	paren_exp : LPAREN . expression SEMI expression_seq RPAREN  (110)
	paren_exp : LPAREN . expression COMMA pair_exp RPAREN  (111)

	INT  shift 3
	REAL  shift 4
	BOOL  shift 5
	STRING  shift 6
	IDENT  shift 7
	NEG  shift 8
	NIL  shift 9
	LET  shift 10
	IF  shift 13
	FN  shift 15
	OP  shift 16
	RAISE  shift 17
	HD  shift 18
	TL  shift 19
	FST  shift 20
	SND  shift 21
	LBRAC  shift 22
	LPAREN  shift 23
	RPAREN  shift 89
	UNIT  shift 24
	.  error

	expression  goto 90
	or_else_exp  goto 29
	app_exp  goto 30
	or_else_no_ifr_exp  goto 31
	and_also_exp  goto 32
	and_also_no_ifr_exp  goto 33
	comp_exp  goto 34
	comp_no_ifr_exp  goto 35
	cons_exp  goto 36
	cons_no_ifr_exp  goto 37
	add_sub_no_ifr_exp  goto 38
	add_sub_exp  goto 39
	mult_div_exp  goto 40
	mult_div_no_ifr_exp  goto 41
	non_op_exp  goto 42
	app_no_ifr_exp  goto 43
	if_fn_raise_exp  goto 44
	atomic_mon_exp  goto 45
	mon_op  goto 46
	app_no_ifr_mo_exp  goto 47
	atomic_exp  goto 48
	mon_op_exp  goto 49
	const_exp  goto 50
	paren_exp  goto 51
	list_exp  goto 52


state 24
	const_exp : UNIT .  (72)

	.  reduce 72


state 25
	%entry% : '\001' main .  (116)

	.  reduce 116


state 26
	main : expression . SEMI  (1)

	SEMI  shift 91
	.  error


state 27
	main : dec . SEMI  (2)
	dec : dec . atomic_dec  (4)

	SEMI  shift 92
	LOCAL  shift 11
	VAL  shift 12
	FUN  shift 14
	.  error

	atomic_dec  goto 93


state 28
	dec : atomic_dec .  (3)

	.  reduce 3


state 29
	expression : or_else_exp .  (13)

	.  reduce 13


30: reduce/reduce conflict (reduce 14, reduce 42) on SEMI
30: reduce/reduce conflict (reduce 14, reduce 42) on LOCAL
30: reduce/reduce conflict (reduce 14, reduce 42) on VAL
30: reduce/reduce conflict (reduce 14, reduce 42) on END
30: reduce/reduce conflict (reduce 14, reduce 42) on IN
30: reduce/reduce conflict (reduce 14, reduce 42) on THEN
30: reduce/reduce conflict (reduce 14, reduce 42) on ELSE
30: reduce/reduce conflict (reduce 14, reduce 42) on FUN
30: reduce/reduce conflict (reduce 14, reduce 42) on RBRAC
30: reduce/reduce conflict (reduce 14, reduce 42) on RPAREN
30: reduce/reduce conflict (reduce 14, reduce 42) on COMMA
state 30
	expression : app_exp .  (14)
	non_op_exp : app_exp .  (42)

	.  reduce 14


state 31
	or_else_exp : or_else_no_ifr_exp . ORELSE and_also_exp  (17)
	or_else_no_ifr_exp : or_else_no_ifr_exp . ORELSE and_also_no_ifr_exp  (19)

	ORELSE  shift 94
	.  error


state 32
	or_else_exp : and_also_exp .  (18)

	.  reduce 18


state 33
	or_else_no_ifr_exp : and_also_no_ifr_exp .  (20)
	and_also_exp : and_also_no_ifr_exp . ANDALSO comp_exp  (21)
	and_also_no_ifr_exp : and_also_no_ifr_exp . ANDALSO comp_no_ifr_exp  (23)

	ANDALSO  shift 95
	ORELSE  reduce 20


state 34
	and_also_exp : comp_exp .  (22)

	.  reduce 22


state 35
	and_also_no_ifr_exp : comp_no_ifr_exp .  (24)
	comp_exp : comp_no_ifr_exp . comp_op cons_exp  (25)
	comp_no_ifr_exp : comp_no_ifr_exp . comp_op cons_no_ifr_exp  (27)

	LT  shift 71
	GT  shift 72
	LEQ  shift 73
	GEQ  shift 74
	EQUALS  shift 75
	NEQ  shift 76
	ANDALSO  reduce 24
	ORELSE  reduce 24

	comp_op  goto 96
	desug_comp_op  goto 83


state 36
	comp_exp : cons_exp .  (26)

	.  reduce 26


state 37
	comp_no_ifr_exp : cons_no_ifr_exp .  (28)
	cons_no_ifr_exp : cons_no_ifr_exp . DCOLON add_sub_no_ifr_exp  (31)

	DCOLON  shift 97
	LT  reduce 28
	GT  reduce 28
	LEQ  reduce 28
	GEQ  reduce 28
	EQUALS  reduce 28
	NEQ  reduce 28
	ANDALSO  reduce 28
	ORELSE  reduce 28


38: shift/reduce conflict (shift 98, reduce 32) on DCOLON
state 38
	cons_exp : add_sub_no_ifr_exp . DCOLON cons_exp  (29)
	cons_no_ifr_exp : add_sub_no_ifr_exp .  (32)
	add_sub_exp : add_sub_no_ifr_exp . add_sub_op mult_div_exp  (33)
	add_sub_no_ifr_exp : add_sub_no_ifr_exp . add_sub_op mult_div_no_ifr_exp  (35)

	PLUS  shift 62
	MINUS  shift 63
	DPLUS  shift 66
	DMINUS  shift 67
	CARAT  shift 70
	DCOLON  shift 98
	LT  reduce 32
	GT  reduce 32
	LEQ  reduce 32
	GEQ  reduce 32
	EQUALS  reduce 32
	NEQ  reduce 32
	ANDALSO  reduce 32
	ORELSE  reduce 32

	add_sub_op  goto 99


state 39
	cons_exp : add_sub_exp .  (30)

	.  reduce 30


state 40
	add_sub_exp : mult_div_exp .  (34)

	.  reduce 34


state 41
	add_sub_no_ifr_exp : mult_div_no_ifr_exp .  (36)
	mult_div_exp : mult_div_no_ifr_exp . div_mult_op non_op_exp  (37)
	mult_div_no_ifr_exp : mult_div_no_ifr_exp . div_mult_op app_no_ifr_exp  (39)

	TIMES  shift 64
	DIV  shift 65
	DTIMES  shift 68
	DDIV  shift 69
	PLUS  reduce 36
	MINUS  reduce 36
	DPLUS  reduce 36
	DMINUS  reduce 36
	CARAT  reduce 36
	LT  reduce 36
	GT  reduce 36
	LEQ  reduce 36
	GEQ  reduce 36
	EQUALS  reduce 36
	NEQ  reduce 36
	DCOLON  reduce 36
	ANDALSO  reduce 36
	ORELSE  reduce 36

	div_mult_op  goto 100


state 42
	mult_div_exp : non_op_exp .  (38)

	.  reduce 38


state 43
	mult_div_no_ifr_exp : app_no_ifr_exp .  (40)

	.  reduce 40


state 44
	non_op_exp : if_fn_raise_exp .  (41)

	.  reduce 41


state 45
	app_exp : atomic_mon_exp .  (43)
	app_no_ifr_exp : atomic_mon_exp .  (48)

	PLUS  reduce 48
	MINUS  reduce 48
	TIMES  reduce 48
	DIV  reduce 48
	DPLUS  reduce 48
	DMINUS  reduce 48
	DTIMES  reduce 48
	DDIV  reduce 48
	CARAT  reduce 48
	LT  reduce 48
	GT  reduce 48
	LEQ  reduce 48
	GEQ  reduce 48
	EQUALS  reduce 48
	NEQ  reduce 48
	SEMI  reduce 43
	DCOLON  reduce 48
	LOCAL  reduce 43
	VAL  reduce 43
	END  reduce 43
	IN  reduce 43
	THEN  reduce 43
	ELSE  reduce 43
	FUN  reduce 43
	ANDALSO  reduce 48
	ORELSE  reduce 48
	RBRAC  reduce 43
	RPAREN  reduce 43
	COMMA  reduce 43


state 46
	app_exp : mon_op . app_exp  (44)
	app_no_ifr_exp : mon_op . app_no_ifr_exp  (49)

	INT  shift 3
	REAL  shift 4
	BOOL  shift 5
	STRING  shift 6
	IDENT  shift 7
	NEG  shift 8
	NIL  shift 9
	LET  shift 10
	OP  shift 16
	HD  shift 18
	TL  shift 19
	FST  shift 20
	SND  shift 21
	LBRAC  shift 22
	LPAREN  shift 23
	UNIT  shift 24
	.  error

	app_exp  goto 101
	app_no_ifr_exp  goto 102
	atomic_mon_exp  goto 45
	mon_op  goto 46
	app_no_ifr_mo_exp  goto 47
	atomic_exp  goto 48
	mon_op_exp  goto 49
	const_exp  goto 50
	paren_exp  goto 51
	list_exp  goto 52


state 47
	app_exp : app_no_ifr_mo_exp . non_app_exp  (45)
	app_no_ifr_mo_exp : app_no_ifr_mo_exp . atomic_mon_exp  (47)
	app_no_ifr_exp : app_no_ifr_mo_exp . atomic_mon_exp  (50)

	INT  shift 3
	REAL  shift 4
	BOOL  shift 5
	STRING  shift 6
	IDENT  shift 7
	NEG  shift 103
	NIL  shift 9
	LET  shift 10
	IF  shift 13
	FN  shift 15
	OP  shift 16
	RAISE  shift 17
	HD  shift 104
	TL  shift 105
	FST  shift 106
	SND  shift 107
	LBRAC  shift 22
	LPAREN  shift 23
	UNIT  shift 24
	.  error

	if_fn_raise_exp  goto 108
	atomic_mon_exp  goto 109
	non_app_exp  goto 110
	atomic_exp  goto 111
	mon_op_exp  goto 49
	const_exp  goto 50
	paren_exp  goto 51
	list_exp  goto 52


state 48
	app_no_ifr_mo_exp : atomic_exp .  (46)
	atomic_mon_exp : atomic_exp .  (58)

	INT  reduce 46
	REAL  reduce 46
	BOOL  reduce 46
	STRING  reduce 46
	IDENT  reduce 46
	NEG  reduce 46
	PLUS  reduce 58
	MINUS  reduce 58
	TIMES  reduce 58
	DIV  reduce 58
	DPLUS  reduce 58
	DMINUS  reduce 58
	DTIMES  reduce 58
	DDIV  reduce 58
	CARAT  reduce 58
	LT  reduce 58
	GT  reduce 58
	LEQ  reduce 58
	GEQ  reduce 58
	EQUALS  reduce 58
	NEQ  reduce 58
	SEMI  reduce 58
	DCOLON  reduce 58
	NIL  reduce 46
	LET  reduce 46
	LOCAL  reduce 58
	VAL  reduce 58
	END  reduce 58
	IN  reduce 58
	IF  reduce 46
	THEN  reduce 58
	ELSE  reduce 58
	FUN  reduce 58
	FN  reduce 46
	OP  reduce 46
	RAISE  reduce 46
	ANDALSO  reduce 58
	ORELSE  reduce 58
	HD  reduce 46
	TL  reduce 46
	FST  reduce 46
	SND  reduce 46
	LBRAC  reduce 46
	RBRAC  reduce 58
	LPAREN  reduce 46
	RPAREN  reduce 58
	COMMA  reduce 58
	UNIT  reduce 46


state 49
	atomic_mon_exp : mon_op_exp .  (59)

	.  reduce 59


state 50
	atomic_exp : const_exp .  (60)

	.  reduce 60


state 51
	atomic_exp : paren_exp .  (62)

	.  reduce 62


state 52
	atomic_exp : list_exp .  (63)

	.  reduce 63


state 53
	dec : dec . atomic_dec  (4)
	atomic_exp : LET dec . IN expression END  (65)

	LOCAL  shift 11
	VAL  shift 12
	IN  shift 112
	FUN  shift 14
	.  error

	atomic_dec  goto 93


state 54
	dec : dec . atomic_dec  (4)
	atomic_dec : LOCAL dec . IN dec END  (8)

	LOCAL  shift 11
	VAL  shift 12
	IN  shift 113
	FUN  shift 14
	.  error

	atomic_dec  goto 93


state 55
	simp_bind : IDENT . EQUALS expression  (11)

	EQUALS  shift 114
	.  error


state 56
	atomic_dec : VAL REC . IDENT rec_var_param_bind  (6)

	IDENT  shift 115
	.  error


state 57
	simp_bind : UNDERSCORE . EQUALS expression  (12)

	EQUALS  shift 116
	.  error


state 58
	atomic_dec : VAL simp_bind .  (5)

	.  reduce 5


state 59
	if_fn_raise_exp : IF expression . THEN expression ELSE or_else_exp  (53)

	THEN  shift 117
	.  error


state 60
	atomic_dec : FUN IDENT . rec_var_param_bind  (7)

	IDENT  shift 118
	.  error

	rec_var_param_bind  goto 119


state 61
	if_fn_raise_exp : FN IDENT . ARROW or_else_exp  (54)

	ARROW  shift 120
	.  error


state 62
	add_sub_op : PLUS .  (80)

	.  reduce 80


state 63
	add_sub_op : MINUS .  (82)

	.  reduce 82


state 64
	div_mult_op : TIMES .  (87)

	.  reduce 87


state 65
	div_mult_op : DIV .  (85)

	.  reduce 85


state 66
	add_sub_op : DPLUS .  (81)

	.  reduce 81


state 67
	add_sub_op : DMINUS .  (83)

	.  reduce 83


state 68
	div_mult_op : DTIMES .  (88)

	.  reduce 88


state 69
	div_mult_op : DDIV .  (86)

	.  reduce 86


state 70
	add_sub_op : CARAT .  (84)

	.  reduce 84


state 71
	desug_comp_op : LT .  (102)

	.  reduce 102


state 72
	comp_op : GT .  (99)

	.  reduce 99


state 73
	desug_comp_op : LEQ .  (103)

	.  reduce 103


state 74
	desug_comp_op : GEQ .  (104)

	.  reduce 104


state 75
	comp_op : EQUALS .  (100)

	.  reduce 100


state 76
	desug_comp_op : NEQ .  (105)

	.  reduce 105


state 77
	bin_op : DCOLON .  (77)

	.  reduce 77


state 78
	bin_op : COMMA .  (78)

	.  reduce 78


state 79
	bin_op : comp_op .  (74)

	.  reduce 74


state 80
	bin_op : add_sub_op .  (75)

	.  reduce 75


state 81
	bin_op : div_mult_op .  (76)

	.  reduce 76


state 82
	atomic_exp : OP bin_op .  (61)

	.  reduce 61


state 83
	comp_op : desug_comp_op .  (101)

	.  reduce 101


state 84
	if_fn_raise_exp : RAISE or_else_exp .  (55)

	.  reduce 55


state 85
	non_op_exp : app_exp .  (42)

	.  reduce 42


state 86
	const_exp : LBRAC RBRAC .  (70)

	.  reduce 70


state 87
	list_inner_exp : expression .  (107)
	list_inner_exp : expression . COMMA list_inner_exp  (108)

	COMMA  shift 121
	RBRAC  reduce 107


state 88
	list_exp : LBRAC list_inner_exp . RBRAC  (106)

	RBRAC  shift 122
	.  error


state 89
	const_exp : LPAREN RPAREN .  (73)

	.  reduce 73


state 90
	paren_exp : LPAREN expression . RPAREN  (109)
	paren_exp : LPAREN expression . SEMI expression_seq RPAREN  (110)
	paren_exp : LPAREN expression . COMMA pair_exp RPAREN  (111)

	SEMI  shift 123
	RPAREN  shift 124
	COMMA  shift 125
	.  error


state 91
	main : expression SEMI .  (1)

	.  reduce 1


state 92
	main : dec SEMI .  (2)

	.  reduce 2


state 93
	dec : dec atomic_dec .  (4)

	.  reduce 4


state 94
	or_else_exp : or_else_no_ifr_exp ORELSE . and_also_exp  (17)
	or_else_no_ifr_exp : or_else_no_ifr_exp ORELSE . and_also_no_ifr_exp  (19)

	INT  shift 3
	REAL  shift 4
	BOOL  shift 5
	STRING  shift 6
	IDENT  shift 7
	NEG  shift 8
	NIL  shift 9
	LET  shift 10
	IF  shift 13
	FN  shift 15
	OP  shift 16
	RAISE  shift 17
	HD  shift 18
	TL  shift 19
	FST  shift 20
	SND  shift 21
	LBRAC  shift 22
	LPAREN  shift 23
	UNIT  shift 24
	.  error

	app_exp  goto 85
	and_also_exp  goto 126
	and_also_no_ifr_exp  goto 127
	comp_exp  goto 34
	comp_no_ifr_exp  goto 35
	cons_exp  goto 36
	cons_no_ifr_exp  goto 37
	add_sub_no_ifr_exp  goto 38
	add_sub_exp  goto 39
	mult_div_exp  goto 40
	mult_div_no_ifr_exp  goto 41
	non_op_exp  goto 42
	app_no_ifr_exp  goto 43
	if_fn_raise_exp  goto 44
	atomic_mon_exp  goto 45
	mon_op  goto 46
	app_no_ifr_mo_exp  goto 47
	atomic_exp  goto 48
	mon_op_exp  goto 49
	const_exp  goto 50
	paren_exp  goto 51
	list_exp  goto 52


state 95
	and_also_exp : and_also_no_ifr_exp ANDALSO . comp_exp  (21)
	and_also_no_ifr_exp : and_also_no_ifr_exp ANDALSO . comp_no_ifr_exp  (23)

	INT  shift 3
	REAL  shift 4
	BOOL  shift 5
	STRING  shift 6
	IDENT  shift 7
	NEG  shift 8
	NIL  shift 9
	LET  shift 10
	IF  shift 13
	FN  shift 15
	OP  shift 16
	RAISE  shift 17
	HD  shift 18
	TL  shift 19
	FST  shift 20
	SND  shift 21
	LBRAC  shift 22
	LPAREN  shift 23
	UNIT  shift 24
	.  error

	app_exp  goto 85
	comp_exp  goto 128
	comp_no_ifr_exp  goto 129
	cons_exp  goto 36
	cons_no_ifr_exp  goto 37
	add_sub_no_ifr_exp  goto 38
	add_sub_exp  goto 39
	mult_div_exp  goto 40
	mult_div_no_ifr_exp  goto 41
	non_op_exp  goto 42
	app_no_ifr_exp  goto 43
	if_fn_raise_exp  goto 44
	atomic_mon_exp  goto 45
	mon_op  goto 46
	app_no_ifr_mo_exp  goto 47
	atomic_exp  goto 48
	mon_op_exp  goto 49
	const_exp  goto 50
	paren_exp  goto 51
	list_exp  goto 52


state 96
	comp_exp : comp_no_ifr_exp comp_op . cons_exp  (25)
	comp_no_ifr_exp : comp_no_ifr_exp comp_op . cons_no_ifr_exp  (27)

	INT  shift 3
	REAL  shift 4
	BOOL  shift 5
	STRING  shift 6
	IDENT  shift 7
	NEG  shift 8
	NIL  shift 9
	LET  shift 10
	IF  shift 13
	FN  shift 15
	OP  shift 16
	RAISE  shift 17
	HD  shift 18
	TL  shift 19
	FST  shift 20
	SND  shift 21
	LBRAC  shift 22
	LPAREN  shift 23
	UNIT  shift 24
	.  error

	app_exp  goto 85
	cons_exp  goto 130
	cons_no_ifr_exp  goto 131
	add_sub_no_ifr_exp  goto 38
	add_sub_exp  goto 39
	mult_div_exp  goto 40
	mult_div_no_ifr_exp  goto 41
	non_op_exp  goto 42
	app_no_ifr_exp  goto 43
	if_fn_raise_exp  goto 44
	atomic_mon_exp  goto 45
	mon_op  goto 46
	app_no_ifr_mo_exp  goto 47
	atomic_exp  goto 48
	mon_op_exp  goto 49
	const_exp  goto 50
	paren_exp  goto 51
	list_exp  goto 52


state 97
	cons_no_ifr_exp : cons_no_ifr_exp DCOLON . add_sub_no_ifr_exp  (31)

	INT  shift 3
	REAL  shift 4
	BOOL  shift 5
	STRING  shift 6
	IDENT  shift 7
	NEG  shift 8
	NIL  shift 9
	LET  shift 10
	OP  shift 16
	HD  shift 18
	TL  shift 19
	FST  shift 20
	SND  shift 21
	LBRAC  shift 22
	LPAREN  shift 23
	UNIT  shift 24
	.  error

	add_sub_no_ifr_exp  goto 132
	mult_div_no_ifr_exp  goto 133
	app_no_ifr_exp  goto 43
	atomic_mon_exp  goto 134
	mon_op  goto 135
	app_no_ifr_mo_exp  goto 136
	atomic_exp  goto 48
	mon_op_exp  goto 49
	const_exp  goto 50
	paren_exp  goto 51
	list_exp  goto 52


state 98
	cons_exp : add_sub_no_ifr_exp DCOLON . cons_exp  (29)

	INT  shift 3
	REAL  shift 4
	BOOL  shift 5
	STRING  shift 6
	IDENT  shift 7
	NEG  shift 8
	NIL  shift 9
	LET  shift 10
	IF  shift 13
	FN  shift 15
	OP  shift 16
	RAISE  shift 17
	HD  shift 18
	TL  shift 19
	FST  shift 20
	SND  shift 21
	LBRAC  shift 22
	LPAREN  shift 23
	UNIT  shift 24
	.  error

	app_exp  goto 85
	cons_exp  goto 137
	add_sub_no_ifr_exp  goto 138
	add_sub_exp  goto 39
	mult_div_exp  goto 40
	mult_div_no_ifr_exp  goto 41
	non_op_exp  goto 42
	app_no_ifr_exp  goto 43
	if_fn_raise_exp  goto 44
	atomic_mon_exp  goto 45
	mon_op  goto 46
	app_no_ifr_mo_exp  goto 47
	atomic_exp  goto 48
	mon_op_exp  goto 49
	const_exp  goto 50
	paren_exp  goto 51
	list_exp  goto 52


state 99
	add_sub_exp : add_sub_no_ifr_exp add_sub_op . mult_div_exp  (33)
	add_sub_no_ifr_exp : add_sub_no_ifr_exp add_sub_op . mult_div_no_ifr_exp  (35)

	INT  shift 3
	REAL  shift 4
	BOOL  shift 5
	STRING  shift 6
	IDENT  shift 7
	NEG  shift 8
	NIL  shift 9
	LET  shift 10
	IF  shift 13
	FN  shift 15
	OP  shift 16
	RAISE  shift 17
	HD  shift 18
	TL  shift 19
	FST  shift 20
	SND  shift 21
	LBRAC  shift 22
	LPAREN  shift 23
	UNIT  shift 24
	.  error

	app_exp  goto 85
	mult_div_exp  goto 139
	mult_div_no_ifr_exp  goto 140
	non_op_exp  goto 42
	app_no_ifr_exp  goto 43
	if_fn_raise_exp  goto 44
	atomic_mon_exp  goto 45
	mon_op  goto 46
	app_no_ifr_mo_exp  goto 47
	atomic_exp  goto 48
	mon_op_exp  goto 49
	const_exp  goto 50
	paren_exp  goto 51
	list_exp  goto 52


state 100
	mult_div_exp : mult_div_no_ifr_exp div_mult_op . non_op_exp  (37)
	mult_div_no_ifr_exp : mult_div_no_ifr_exp div_mult_op . app_no_ifr_exp  (39)

	INT  shift 3
	REAL  shift 4
	BOOL  shift 5
	STRING  shift 6
	IDENT  shift 7
	NEG  shift 8
	NIL  shift 9
	LET  shift 10
	IF  shift 13
	FN  shift 15
	OP  shift 16
	RAISE  shift 17
	HD  shift 18
	TL  shift 19
	FST  shift 20
	SND  shift 21
	LBRAC  shift 22
	LPAREN  shift 23
	UNIT  shift 24
	.  error

	app_exp  goto 85
	non_op_exp  goto 141
	app_no_ifr_exp  goto 142
	if_fn_raise_exp  goto 44
	atomic_mon_exp  goto 45
	mon_op  goto 46
	app_no_ifr_mo_exp  goto 47
	atomic_exp  goto 48
	mon_op_exp  goto 49
	const_exp  goto 50
	paren_exp  goto 51
	list_exp  goto 52


state 101
	app_exp : mon_op app_exp .  (44)

	.  reduce 44


state 102
	app_no_ifr_exp : mon_op app_no_ifr_exp .  (49)

	.  reduce 49


state 103
	mon_op_exp : NEG .  (89)

	.  reduce 89


state 104
	mon_op_exp : HD .  (90)

	.  reduce 90


state 105
	mon_op_exp : TL .  (91)

	.  reduce 91


state 106
	mon_op_exp : FST .  (92)

	.  reduce 92


state 107
	mon_op_exp : SND .  (93)

	.  reduce 93


state 108
	non_app_exp : if_fn_raise_exp .  (52)

	.  reduce 52


state 109
	app_no_ifr_mo_exp : app_no_ifr_mo_exp atomic_mon_exp .  (47)
	app_no_ifr_exp : app_no_ifr_mo_exp atomic_mon_exp .  (50)
	non_app_exp : atomic_mon_exp .  (51)

	INT  reduce 47
	REAL  reduce 47
	BOOL  reduce 47
	STRING  reduce 47
	IDENT  reduce 47
	NEG  reduce 47
	PLUS  reduce 50
	MINUS  reduce 50
	TIMES  reduce 50
	DIV  reduce 50
	DPLUS  reduce 50
	DMINUS  reduce 50
	DTIMES  reduce 50
	DDIV  reduce 50
	CARAT  reduce 50
	LT  reduce 50
	GT  reduce 50
	LEQ  reduce 50
	GEQ  reduce 50
	EQUALS  reduce 50
	NEQ  reduce 50
	SEMI  reduce 51
	DCOLON  reduce 50
	NIL  reduce 47
	LET  reduce 47
	LOCAL  reduce 51
	VAL  reduce 51
	END  reduce 51
	IN  reduce 51
	IF  reduce 47
	THEN  reduce 51
	ELSE  reduce 51
	FUN  reduce 51
	FN  reduce 47
	OP  reduce 47
	RAISE  reduce 47
	ANDALSO  reduce 50
	ORELSE  reduce 50
	HD  reduce 47
	TL  reduce 47
	FST  reduce 47
	SND  reduce 47
	LBRAC  reduce 47
	RBRAC  reduce 51
	LPAREN  reduce 47
	RPAREN  reduce 51
	COMMA  reduce 51
	UNIT  reduce 47


state 110
	app_exp : app_no_ifr_mo_exp non_app_exp .  (45)

	.  reduce 45


state 111
	atomic_mon_exp : atomic_exp .  (58)

	.  reduce 58


state 112
	atomic_exp : LET dec IN . expression END  (65)

	INT  shift 3
	REAL  shift 4
	BOOL  shift 5
	STRING  shift 6
	IDENT  shift 7
	NEG  shift 8
	NIL  shift 9
	LET  shift 10
	IF  shift 13
	FN  shift 15
	OP  shift 16
	RAISE  shift 17
	HD  shift 18
	TL  shift 19
	FST  shift 20
	SND  shift 21
	LBRAC  shift 22
	LPAREN  shift 23
	UNIT  shift 24
	.  error

	expression  goto 143
	or_else_exp  goto 29
	app_exp  goto 30
	or_else_no_ifr_exp  goto 31
	and_also_exp  goto 32
	and_also_no_ifr_exp  goto 33
	comp_exp  goto 34
	comp_no_ifr_exp  goto 35
	cons_exp  goto 36
	cons_no_ifr_exp  goto 37
	add_sub_no_ifr_exp  goto 38
	add_sub_exp  goto 39
	mult_div_exp  goto 40
	mult_div_no_ifr_exp  goto 41
	non_op_exp  goto 42
	app_no_ifr_exp  goto 43
	if_fn_raise_exp  goto 44
	atomic_mon_exp  goto 45
	mon_op  goto 46
	app_no_ifr_mo_exp  goto 47
	atomic_exp  goto 48
	mon_op_exp  goto 49
	const_exp  goto 50
	paren_exp  goto 51
	list_exp  goto 52


state 113
	atomic_dec : LOCAL dec IN . dec END  (8)

	LOCAL  shift 11
	VAL  shift 12
	FUN  shift 14
	.  error

	dec  goto 144
	atomic_dec  goto 28


state 114
	simp_bind : IDENT EQUALS . expression  (11)

	INT  shift 3
	REAL  shift 4
	BOOL  shift 5
	STRING  shift 6
	IDENT  shift 7
	NEG  shift 8
	NIL  shift 9
	LET  shift 10
	IF  shift 13
	FN  shift 15
	OP  shift 16
	RAISE  shift 17
	HD  shift 18
	TL  shift 19
	FST  shift 20
	SND  shift 21
	LBRAC  shift 22
	LPAREN  shift 23
	UNIT  shift 24
	.  error

	expression  goto 145
	or_else_exp  goto 29
	app_exp  goto 30
	or_else_no_ifr_exp  goto 31
	and_also_exp  goto 32
	and_also_no_ifr_exp  goto 33
	comp_exp  goto 34
	comp_no_ifr_exp  goto 35
	cons_exp  goto 36
	cons_no_ifr_exp  goto 37
	add_sub_no_ifr_exp  goto 38
	add_sub_exp  goto 39
	mult_div_exp  goto 40
	mult_div_no_ifr_exp  goto 41
	non_op_exp  goto 42
	app_no_ifr_exp  goto 43
	if_fn_raise_exp  goto 44
	atomic_mon_exp  goto 45
	mon_op  goto 46
	app_no_ifr_mo_exp  goto 47
	atomic_exp  goto 48
	mon_op_exp  goto 49
	const_exp  goto 50
	paren_exp  goto 51
	list_exp  goto 52


state 115
	atomic_dec : VAL REC IDENT . rec_var_param_bind  (6)

	IDENT  shift 118
	.  error

	rec_var_param_bind  goto 146


state 116
	simp_bind : UNDERSCORE EQUALS . expression  (12)

	INT  shift 3
	REAL  shift 4
	BOOL  shift 5
	STRING  shift 6
	IDENT  shift 7
	NEG  shift 8
	NIL  shift 9
	LET  shift 10
	IF  shift 13
	FN  shift 15
	OP  shift 16
	RAISE  shift 17
	HD  shift 18
	TL  shift 19
	FST  shift 20
	SND  shift 21
	LBRAC  shift 22
	LPAREN  shift 23
	UNIT  shift 24
	.  error

	expression  goto 147
	or_else_exp  goto 29
	app_exp  goto 30
	or_else_no_ifr_exp  goto 31
	and_also_exp  goto 32
	and_also_no_ifr_exp  goto 33
	comp_exp  goto 34
	comp_no_ifr_exp  goto 35
	cons_exp  goto 36
	cons_no_ifr_exp  goto 37
	add_sub_no_ifr_exp  goto 38
	add_sub_exp  goto 39
	mult_div_exp  goto 40
	mult_div_no_ifr_exp  goto 41
	non_op_exp  goto 42
	app_no_ifr_exp  goto 43
	if_fn_raise_exp  goto 44
	atomic_mon_exp  goto 45
	mon_op  goto 46
	app_no_ifr_mo_exp  goto 47
	atomic_exp  goto 48
	mon_op_exp  goto 49
	const_exp  goto 50
	paren_exp  goto 51
	list_exp  goto 52


state 117
	if_fn_raise_exp : IF expression THEN . expression ELSE or_else_exp  (53)

	INT  shift 3
	REAL  shift 4
	BOOL  shift 5
	STRING  shift 6
	IDENT  shift 7
	NEG  shift 8
	NIL  shift 9
	LET  shift 10
	IF  shift 13
	FN  shift 15
	OP  shift 16
	RAISE  shift 17
	HD  shift 18
	TL  shift 19
	FST  shift 20
	SND  shift 21
	LBRAC  shift 22
	LPAREN  shift 23
	UNIT  shift 24
	.  error

	expression  goto 148
	or_else_exp  goto 29
	app_exp  goto 30
	or_else_no_ifr_exp  goto 31
	and_also_exp  goto 32
	and_also_no_ifr_exp  goto 33
	comp_exp  goto 34
	comp_no_ifr_exp  goto 35
	cons_exp  goto 36
	cons_no_ifr_exp  goto 37
	add_sub_no_ifr_exp  goto 38
	add_sub_exp  goto 39
	mult_div_exp  goto 40
	mult_div_no_ifr_exp  goto 41
	non_op_exp  goto 42
	app_no_ifr_exp  goto 43
	if_fn_raise_exp  goto 44
	atomic_mon_exp  goto 45
	mon_op  goto 46
	app_no_ifr_mo_exp  goto 47
	atomic_exp  goto 48
	mon_op_exp  goto 49
	const_exp  goto 50
	paren_exp  goto 51
	list_exp  goto 52


state 118
	rec_var_param_bind : IDENT . EQUALS expression  (9)
	rec_var_param_bind : IDENT . rec_var_param_bind  (10)

	IDENT  shift 118
	EQUALS  shift 149
	.  error

	rec_var_param_bind  goto 150


state 119
	atomic_dec : FUN IDENT rec_var_param_bind .  (7)

	.  reduce 7


state 120
	if_fn_raise_exp : FN IDENT ARROW . or_else_exp  (54)

	INT  shift 3
	REAL  shift 4
	BOOL  shift 5
	STRING  shift 6
	IDENT  shift 7
	NEG  shift 8
	NIL  shift 9
	LET  shift 10
	IF  shift 13
	FN  shift 15
	OP  shift 16
	RAISE  shift 17
	HD  shift 18
	TL  shift 19
	FST  shift 20
	SND  shift 21
	LBRAC  shift 22
	LPAREN  shift 23
	UNIT  shift 24
	.  error

	or_else_exp  goto 151
	app_exp  goto 85
	or_else_no_ifr_exp  goto 31
	and_also_exp  goto 32
	and_also_no_ifr_exp  goto 33
	comp_exp  goto 34
	comp_no_ifr_exp  goto 35
	cons_exp  goto 36
	cons_no_ifr_exp  goto 37
	add_sub_no_ifr_exp  goto 38
	add_sub_exp  goto 39
	mult_div_exp  goto 40
	mult_div_no_ifr_exp  goto 41
	non_op_exp  goto 42
	app_no_ifr_exp  goto 43
	if_fn_raise_exp  goto 44
	atomic_mon_exp  goto 45
	mon_op  goto 46
	app_no_ifr_mo_exp  goto 47
	atomic_exp  goto 48
	mon_op_exp  goto 49
	const_exp  goto 50
	paren_exp  goto 51
	list_exp  goto 52


state 121
	list_inner_exp : expression COMMA . list_inner_exp  (108)

	INT  shift 3
	REAL  shift 4
	BOOL  shift 5
	STRING  shift 6
	IDENT  shift 7
	NEG  shift 8
	NIL  shift 9
	LET  shift 10
	IF  shift 13
	FN  shift 15
	OP  shift 16
	RAISE  shift 17
	HD  shift 18
	TL  shift 19
	FST  shift 20
	SND  shift 21
	LBRAC  shift 22
	LPAREN  shift 23
	UNIT  shift 24
	.  error

	expression  goto 87
	or_else_exp  goto 29
	app_exp  goto 30
	or_else_no_ifr_exp  goto 31
	and_also_exp  goto 32
	and_also_no_ifr_exp  goto 33
	comp_exp  goto 34
	comp_no_ifr_exp  goto 35
	cons_exp  goto 36
	cons_no_ifr_exp  goto 37
	add_sub_no_ifr_exp  goto 38
	add_sub_exp  goto 39
	mult_div_exp  goto 40
	mult_div_no_ifr_exp  goto 41
	non_op_exp  goto 42
	app_no_ifr_exp  goto 43
	if_fn_raise_exp  goto 44
	atomic_mon_exp  goto 45
	mon_op  goto 46
	app_no_ifr_mo_exp  goto 47
	atomic_exp  goto 48
	mon_op_exp  goto 49
	const_exp  goto 50
	paren_exp  goto 51
	list_exp  goto 52
	list_inner_exp  goto 152


state 122
	list_exp : LBRAC list_inner_exp RBRAC .  (106)

	.  reduce 106


state 123
	paren_exp : LPAREN expression SEMI . expression_seq RPAREN  (110)

	INT  shift 3
	REAL  shift 4
	BOOL  shift 5
	STRING  shift 6
	IDENT  shift 7
	NEG  shift 8
	NIL  shift 9
	LET  shift 10
	IF  shift 13
	FN  shift 15
	OP  shift 16
	RAISE  shift 17
	HD  shift 18
	TL  shift 19
	FST  shift 20
	SND  shift 21
	LBRAC  shift 22
	LPAREN  shift 23
	UNIT  shift 24
	.  error

	expression  goto 153
	or_else_exp  goto 29
	app_exp  goto 30
	expression_seq  goto 154
	or_else_no_ifr_exp  goto 31
	and_also_exp  goto 32
	and_also_no_ifr_exp  goto 33
	comp_exp  goto 34
	comp_no_ifr_exp  goto 35
	cons_exp  goto 36
	cons_no_ifr_exp  goto 37
	add_sub_no_ifr_exp  goto 38
	add_sub_exp  goto 39
	mult_div_exp  goto 40
	mult_div_no_ifr_exp  goto 41
	non_op_exp  goto 42
	app_no_ifr_exp  goto 43
	if_fn_raise_exp  goto 44
	atomic_mon_exp  goto 45
	mon_op  goto 46
	app_no_ifr_mo_exp  goto 47
	atomic_exp  goto 48
	mon_op_exp  goto 49
	const_exp  goto 50
	paren_exp  goto 51
	list_exp  goto 52


state 124
	paren_exp : LPAREN expression RPAREN .  (109)

	.  reduce 109


state 125
	paren_exp : LPAREN expression COMMA . pair_exp RPAREN  (111)

	INT  shift 3
	REAL  shift 4
	BOOL  shift 5
	STRING  shift 6
	IDENT  shift 7
	NEG  shift 8
	NIL  shift 9
	LET  shift 10
	IF  shift 13
	FN  shift 15
	OP  shift 16
	RAISE  shift 17
	HD  shift 18
	TL  shift 19
	FST  shift 20
	SND  shift 21
	LBRAC  shift 22
	LPAREN  shift 23
	UNIT  shift 24
	.  error

	expression  goto 155
	or_else_exp  goto 29
	app_exp  goto 30
	or_else_no_ifr_exp  goto 31
	and_also_exp  goto 32
	and_also_no_ifr_exp  goto 33
	comp_exp  goto 34
	comp_no_ifr_exp  goto 35
	cons_exp  goto 36
	cons_no_ifr_exp  goto 37
	add_sub_no_ifr_exp  goto 38
	add_sub_exp  goto 39
	mult_div_exp  goto 40
	mult_div_no_ifr_exp  goto 41
	non_op_exp  goto 42
	app_no_ifr_exp  goto 43
	if_fn_raise_exp  goto 44
	atomic_mon_exp  goto 45
	mon_op  goto 46
	app_no_ifr_mo_exp  goto 47
	atomic_exp  goto 48
	mon_op_exp  goto 49
	const_exp  goto 50
	paren_exp  goto 51
	list_exp  goto 52
	pair_exp  goto 156


state 126
	or_else_exp : or_else_no_ifr_exp ORELSE and_also_exp .  (17)

	.  reduce 17


state 127
	or_else_no_ifr_exp : or_else_no_ifr_exp ORELSE and_also_no_ifr_exp .  (19)
	and_also_exp : and_also_no_ifr_exp . ANDALSO comp_exp  (21)
	and_also_no_ifr_exp : and_also_no_ifr_exp . ANDALSO comp_no_ifr_exp  (23)

	ANDALSO  shift 95
	ORELSE  reduce 19


state 128
	and_also_exp : and_also_no_ifr_exp ANDALSO comp_exp .  (21)

	.  reduce 21


state 129
	and_also_no_ifr_exp : and_also_no_ifr_exp ANDALSO comp_no_ifr_exp .  (23)
	comp_exp : comp_no_ifr_exp . comp_op cons_exp  (25)
	comp_no_ifr_exp : comp_no_ifr_exp . comp_op cons_no_ifr_exp  (27)

	LT  shift 71
	GT  shift 72
	LEQ  shift 73
	GEQ  shift 74
	EQUALS  shift 75
	NEQ  shift 76
	ANDALSO  reduce 23
	ORELSE  reduce 23

	comp_op  goto 96
	desug_comp_op  goto 83


state 130
	comp_exp : comp_no_ifr_exp comp_op cons_exp .  (25)

	.  reduce 25


state 131
	comp_no_ifr_exp : comp_no_ifr_exp comp_op cons_no_ifr_exp .  (27)
	cons_no_ifr_exp : cons_no_ifr_exp . DCOLON add_sub_no_ifr_exp  (31)

	DCOLON  shift 97
	LT  reduce 27
	GT  reduce 27
	LEQ  reduce 27
	GEQ  reduce 27
	EQUALS  reduce 27
	NEQ  reduce 27
	ANDALSO  reduce 27
	ORELSE  reduce 27


state 132
	cons_no_ifr_exp : cons_no_ifr_exp DCOLON add_sub_no_ifr_exp .  (31)
	add_sub_no_ifr_exp : add_sub_no_ifr_exp . add_sub_op mult_div_no_ifr_exp  (35)

	PLUS  shift 62
	MINUS  shift 63
	DPLUS  shift 66
	DMINUS  shift 67
	CARAT  shift 70
	LT  reduce 31
	GT  reduce 31
	LEQ  reduce 31
	GEQ  reduce 31
	EQUALS  reduce 31
	NEQ  reduce 31
	DCOLON  reduce 31
	ANDALSO  reduce 31
	ORELSE  reduce 31

	add_sub_op  goto 157


state 133
	add_sub_no_ifr_exp : mult_div_no_ifr_exp .  (36)
	mult_div_no_ifr_exp : mult_div_no_ifr_exp . div_mult_op app_no_ifr_exp  (39)

	TIMES  shift 64
	DIV  shift 65
	DTIMES  shift 68
	DDIV  shift 69
	PLUS  reduce 36
	MINUS  reduce 36
	DPLUS  reduce 36
	DMINUS  reduce 36
	CARAT  reduce 36
	LT  reduce 36
	GT  reduce 36
	LEQ  reduce 36
	GEQ  reduce 36
	EQUALS  reduce 36
	NEQ  reduce 36
	DCOLON  reduce 36
	ANDALSO  reduce 36
	ORELSE  reduce 36

	div_mult_op  goto 158


state 134
	app_no_ifr_exp : atomic_mon_exp .  (48)

	.  reduce 48


state 135
	app_no_ifr_exp : mon_op . app_no_ifr_exp  (49)

	INT  shift 3
	REAL  shift 4
	BOOL  shift 5
	STRING  shift 6
	IDENT  shift 7
	NEG  shift 8
	NIL  shift 9
	LET  shift 10
	OP  shift 16
	HD  shift 18
	TL  shift 19
	FST  shift 20
	SND  shift 21
	LBRAC  shift 22
	LPAREN  shift 23
	UNIT  shift 24
	.  error

	app_no_ifr_exp  goto 102
	atomic_mon_exp  goto 134
	mon_op  goto 135
	app_no_ifr_mo_exp  goto 136
	atomic_exp  goto 48
	mon_op_exp  goto 49
	const_exp  goto 50
	paren_exp  goto 51
	list_exp  goto 52


state 136
	app_no_ifr_mo_exp : app_no_ifr_mo_exp . atomic_mon_exp  (47)
	app_no_ifr_exp : app_no_ifr_mo_exp . atomic_mon_exp  (50)

	INT  shift 3
	REAL  shift 4
	BOOL  shift 5
	STRING  shift 6
	IDENT  shift 7
	NEG  shift 103
	NIL  shift 9
	LET  shift 10
	OP  shift 16
	HD  shift 104
	TL  shift 105
	FST  shift 106
	SND  shift 107
	LBRAC  shift 22
	LPAREN  shift 23
	UNIT  shift 24
	.  error

	atomic_mon_exp  goto 159
	atomic_exp  goto 111
	mon_op_exp  goto 49
	const_exp  goto 50
	paren_exp  goto 51
	list_exp  goto 52


state 137
	cons_exp : add_sub_no_ifr_exp DCOLON cons_exp .  (29)

	.  reduce 29


state 138
	cons_exp : add_sub_no_ifr_exp . DCOLON cons_exp  (29)
	add_sub_exp : add_sub_no_ifr_exp . add_sub_op mult_div_exp  (33)
	add_sub_no_ifr_exp : add_sub_no_ifr_exp . add_sub_op mult_div_no_ifr_exp  (35)

	PLUS  shift 62
	MINUS  shift 63
	DPLUS  shift 66
	DMINUS  shift 67
	CARAT  shift 70
	DCOLON  shift 98
	.  error

	add_sub_op  goto 99


state 139
	add_sub_exp : add_sub_no_ifr_exp add_sub_op mult_div_exp .  (33)

	.  reduce 33


state 140
	add_sub_no_ifr_exp : add_sub_no_ifr_exp add_sub_op mult_div_no_ifr_exp .  (35)
	mult_div_exp : mult_div_no_ifr_exp . div_mult_op non_op_exp  (37)
	mult_div_no_ifr_exp : mult_div_no_ifr_exp . div_mult_op app_no_ifr_exp  (39)

	TIMES  shift 64
	DIV  shift 65
	DTIMES  shift 68
	DDIV  shift 69
	PLUS  reduce 35
	MINUS  reduce 35
	DPLUS  reduce 35
	DMINUS  reduce 35
	CARAT  reduce 35
	LT  reduce 35
	GT  reduce 35
	LEQ  reduce 35
	GEQ  reduce 35
	EQUALS  reduce 35
	NEQ  reduce 35
	DCOLON  reduce 35
	ANDALSO  reduce 35
	ORELSE  reduce 35

	div_mult_op  goto 100


state 141
	mult_div_exp : mult_div_no_ifr_exp div_mult_op non_op_exp .  (37)

	.  reduce 37


state 142
	mult_div_no_ifr_exp : mult_div_no_ifr_exp div_mult_op app_no_ifr_exp .  (39)

	.  reduce 39


state 143
	atomic_exp : LET dec IN expression . END  (65)

	END  shift 160
	.  error


state 144
	dec : dec . atomic_dec  (4)
	atomic_dec : LOCAL dec IN dec . END  (8)

	LOCAL  shift 11
	VAL  shift 12
	END  shift 161
	FUN  shift 14
	.  error

	atomic_dec  goto 93


state 145
	simp_bind : IDENT EQUALS expression .  (11)

	.  reduce 11


state 146
	atomic_dec : VAL REC IDENT rec_var_param_bind .  (6)

	.  reduce 6


state 147
	simp_bind : UNDERSCORE EQUALS expression .  (12)

	.  reduce 12


state 148
	if_fn_raise_exp : IF expression THEN expression . ELSE or_else_exp  (53)

	ELSE  shift 162
	.  error


state 149
	rec_var_param_bind : IDENT EQUALS . expression  (9)

	INT  shift 3
	REAL  shift 4
	BOOL  shift 5
	STRING  shift 6
	IDENT  shift 7
	NEG  shift 8
	NIL  shift 9
	LET  shift 10
	IF  shift 13
	FN  shift 15
	OP  shift 16
	RAISE  shift 17
	HD  shift 18
	TL  shift 19
	FST  shift 20
	SND  shift 21
	LBRAC  shift 22
	LPAREN  shift 23
	UNIT  shift 24
	.  error

	expression  goto 163
	or_else_exp  goto 29
	app_exp  goto 30
	or_else_no_ifr_exp  goto 31
	and_also_exp  goto 32
	and_also_no_ifr_exp  goto 33
	comp_exp  goto 34
	comp_no_ifr_exp  goto 35
	cons_exp  goto 36
	cons_no_ifr_exp  goto 37
	add_sub_no_ifr_exp  goto 38
	add_sub_exp  goto 39
	mult_div_exp  goto 40
	mult_div_no_ifr_exp  goto 41
	non_op_exp  goto 42
	app_no_ifr_exp  goto 43
	if_fn_raise_exp  goto 44
	atomic_mon_exp  goto 45
	mon_op  goto 46
	app_no_ifr_mo_exp  goto 47
	atomic_exp  goto 48
	mon_op_exp  goto 49
	const_exp  goto 50
	paren_exp  goto 51
	list_exp  goto 52


state 150
	rec_var_param_bind : IDENT rec_var_param_bind .  (10)

	.  reduce 10


state 151
	if_fn_raise_exp : FN IDENT ARROW or_else_exp .  (54)

	.  reduce 54


state 152
	list_inner_exp : expression COMMA list_inner_exp .  (108)

	.  reduce 108


state 153
	expression_seq : expression .  (15)
	expression_seq : expression . SEMI expression_seq  (16)

	SEMI  shift 164
	RPAREN  reduce 15


state 154
	paren_exp : LPAREN expression SEMI expression_seq . RPAREN  (110)

	RPAREN  shift 165
	.  error


state 155
	pair_exp : expression .  (112)
	pair_exp : expression . COMMA pair_exp RPAREN  (113)

	COMMA  shift 166
	RPAREN  reduce 112


state 156
	paren_exp : LPAREN expression COMMA pair_exp . RPAREN  (111)

	RPAREN  shift 167
	.  error


state 157
	add_sub_no_ifr_exp : add_sub_no_ifr_exp add_sub_op . mult_div_no_ifr_exp  (35)

	INT  shift 3
	REAL  shift 4
	BOOL  shift 5
	STRING  shift 6
	IDENT  shift 7
	NEG  shift 8
	NIL  shift 9
	LET  shift 10
	OP  shift 16
	HD  shift 18
	TL  shift 19
	FST  shift 20
	SND  shift 21
	LBRAC  shift 22
	LPAREN  shift 23
	UNIT  shift 24
	.  error

	mult_div_no_ifr_exp  goto 168
	app_no_ifr_exp  goto 43
	atomic_mon_exp  goto 134
	mon_op  goto 135
	app_no_ifr_mo_exp  goto 136
	atomic_exp  goto 48
	mon_op_exp  goto 49
	const_exp  goto 50
	paren_exp  goto 51
	list_exp  goto 52


state 158
	mult_div_no_ifr_exp : mult_div_no_ifr_exp div_mult_op . app_no_ifr_exp  (39)

	INT  shift 3
	REAL  shift 4
	BOOL  shift 5
	STRING  shift 6
	IDENT  shift 7
	NEG  shift 8
	NIL  shift 9
	LET  shift 10
	OP  shift 16
	HD  shift 18
	TL  shift 19
	FST  shift 20
	SND  shift 21
	LBRAC  shift 22
	LPAREN  shift 23
	UNIT  shift 24
	.  error

	app_no_ifr_exp  goto 142
	atomic_mon_exp  goto 134
	mon_op  goto 135
	app_no_ifr_mo_exp  goto 136
	atomic_exp  goto 48
	mon_op_exp  goto 49
	const_exp  goto 50
	paren_exp  goto 51
	list_exp  goto 52


state 159
	app_no_ifr_mo_exp : app_no_ifr_mo_exp atomic_mon_exp .  (47)
	app_no_ifr_exp : app_no_ifr_mo_exp atomic_mon_exp .  (50)

	INT  reduce 47
	REAL  reduce 47
	BOOL  reduce 47
	STRING  reduce 47
	IDENT  reduce 47
	NEG  reduce 47
	PLUS  reduce 50
	MINUS  reduce 50
	TIMES  reduce 50
	DIV  reduce 50
	DPLUS  reduce 50
	DMINUS  reduce 50
	DTIMES  reduce 50
	DDIV  reduce 50
	CARAT  reduce 50
	LT  reduce 50
	GT  reduce 50
	LEQ  reduce 50
	GEQ  reduce 50
	EQUALS  reduce 50
	NEQ  reduce 50
	DCOLON  reduce 50
	NIL  reduce 47
	LET  reduce 47
	OP  reduce 47
	ANDALSO  reduce 50
	ORELSE  reduce 50
	HD  reduce 47
	TL  reduce 47
	FST  reduce 47
	SND  reduce 47
	LBRAC  reduce 47
	LPAREN  reduce 47
	UNIT  reduce 47


state 160
	atomic_exp : LET dec IN expression END .  (65)

	.  reduce 65


state 161
	atomic_dec : LOCAL dec IN dec END .  (8)

	.  reduce 8


state 162
	if_fn_raise_exp : IF expression THEN expression ELSE . or_else_exp  (53)

	INT  shift 3
	REAL  shift 4
	BOOL  shift 5
	STRING  shift 6
	IDENT  shift 7
	NEG  shift 8
	NIL  shift 9
	LET  shift 10
	IF  shift 13
	FN  shift 15
	OP  shift 16
	RAISE  shift 17
	HD  shift 18
	TL  shift 19
	FST  shift 20
	SND  shift 21
	LBRAC  shift 22
	LPAREN  shift 23
	UNIT  shift 24
	.  error

	or_else_exp  goto 169
	app_exp  goto 85
	or_else_no_ifr_exp  goto 31
	and_also_exp  goto 32
	and_also_no_ifr_exp  goto 33
	comp_exp  goto 34
	comp_no_ifr_exp  goto 35
	cons_exp  goto 36
	cons_no_ifr_exp  goto 37
	add_sub_no_ifr_exp  goto 38
	add_sub_exp  goto 39
	mult_div_exp  goto 40
	mult_div_no_ifr_exp  goto 41
	non_op_exp  goto 42
	app_no_ifr_exp  goto 43
	if_fn_raise_exp  goto 44
	atomic_mon_exp  goto 45
	mon_op  goto 46
	app_no_ifr_mo_exp  goto 47
	atomic_exp  goto 48
	mon_op_exp  goto 49
	const_exp  goto 50
	paren_exp  goto 51
	list_exp  goto 52


state 163
	rec_var_param_bind : IDENT EQUALS expression .  (9)

	.  reduce 9


state 164
	expression_seq : expression SEMI . expression_seq  (16)

	INT  shift 3
	REAL  shift 4
	BOOL  shift 5
	STRING  shift 6
	IDENT  shift 7
	NEG  shift 8
	NIL  shift 9
	LET  shift 10
	IF  shift 13
	FN  shift 15
	OP  shift 16
	RAISE  shift 17
	HD  shift 18
	TL  shift 19
	FST  shift 20
	SND  shift 21
	LBRAC  shift 22
	LPAREN  shift 23
	UNIT  shift 24
	.  error

	expression  goto 153
	or_else_exp  goto 29
	app_exp  goto 30
	expression_seq  goto 170
	or_else_no_ifr_exp  goto 31
	and_also_exp  goto 32
	and_also_no_ifr_exp  goto 33
	comp_exp  goto 34
	comp_no_ifr_exp  goto 35
	cons_exp  goto 36
	cons_no_ifr_exp  goto 37
	add_sub_no_ifr_exp  goto 38
	add_sub_exp  goto 39
	mult_div_exp  goto 40
	mult_div_no_ifr_exp  goto 41
	non_op_exp  goto 42
	app_no_ifr_exp  goto 43
	if_fn_raise_exp  goto 44
	atomic_mon_exp  goto 45
	mon_op  goto 46
	app_no_ifr_mo_exp  goto 47
	atomic_exp  goto 48
	mon_op_exp  goto 49
	const_exp  goto 50
	paren_exp  goto 51
	list_exp  goto 52


state 165
	paren_exp : LPAREN expression SEMI expression_seq RPAREN .  (110)

	.  reduce 110


state 166
	pair_exp : expression COMMA . pair_exp RPAREN  (113)

	INT  shift 3
	REAL  shift 4
	BOOL  shift 5
	STRING  shift 6
	IDENT  shift 7
	NEG  shift 8
	NIL  shift 9
	LET  shift 10
	IF  shift 13
	FN  shift 15
	OP  shift 16
	RAISE  shift 17
	HD  shift 18
	TL  shift 19
	FST  shift 20
	SND  shift 21
	LBRAC  shift 22
	LPAREN  shift 23
	UNIT  shift 24
	.  error

	expression  goto 155
	or_else_exp  goto 29
	app_exp  goto 30
	or_else_no_ifr_exp  goto 31
	and_also_exp  goto 32
	and_also_no_ifr_exp  goto 33
	comp_exp  goto 34
	comp_no_ifr_exp  goto 35
	cons_exp  goto 36
	cons_no_ifr_exp  goto 37
	add_sub_no_ifr_exp  goto 38
	add_sub_exp  goto 39
	mult_div_exp  goto 40
	mult_div_no_ifr_exp  goto 41
	non_op_exp  goto 42
	app_no_ifr_exp  goto 43
	if_fn_raise_exp  goto 44
	atomic_mon_exp  goto 45
	mon_op  goto 46
	app_no_ifr_mo_exp  goto 47
	atomic_exp  goto 48
	mon_op_exp  goto 49
	const_exp  goto 50
	paren_exp  goto 51
	list_exp  goto 52
	pair_exp  goto 171


state 167
	paren_exp : LPAREN expression COMMA pair_exp RPAREN .  (111)

	.  reduce 111


state 168
	add_sub_no_ifr_exp : add_sub_no_ifr_exp add_sub_op mult_div_no_ifr_exp .  (35)
	mult_div_no_ifr_exp : mult_div_no_ifr_exp . div_mult_op app_no_ifr_exp  (39)

	TIMES  shift 64
	DIV  shift 65
	DTIMES  shift 68
	DDIV  shift 69
	PLUS  reduce 35
	MINUS  reduce 35
	DPLUS  reduce 35
	DMINUS  reduce 35
	CARAT  reduce 35
	LT  reduce 35
	GT  reduce 35
	LEQ  reduce 35
	GEQ  reduce 35
	EQUALS  reduce 35
	NEQ  reduce 35
	DCOLON  reduce 35
	ANDALSO  reduce 35
	ORELSE  reduce 35

	div_mult_op  goto 158


state 169
	if_fn_raise_exp : IF expression THEN expression ELSE or_else_exp .  (53)

	.  reduce 53


state 170
	expression_seq : expression SEMI expression_seq .  (16)

	.  reduce 16


state 171
	pair_exp : expression COMMA pair_exp . RPAREN  (113)

	RPAREN  shift 172
	.  error


state 172
	pair_exp : expression COMMA pair_exp RPAREN .  (113)

	.  reduce 113


Rules never reduced:
	app_exp_mon_exp : atomic_exp  (56)
	app_exp_mon_exp : mon_op_exp  (57)
	bin_op_exp : bin_op  (79)
	pat : INT  (114)
	pat : UNDERSCORE  (115)


State 30 contains 11 reduce/reduce conflicts.
State 38 contains 1 shift/reduce conflict.


65 terminals, 44 nonterminals
117 grammar rules, 173 states
